<?xml version="1.0" encoding="UTF-8"?>
<!-- Generated by org.testng.reporters.JUnitXMLReporter -->
<testsuite ignored="0" hostname="LAPTOP-E8THJ362" failures="0" tests="2" name="Surefire test" time="27.468" errors="0" timestamp="2026-04-13T23:35:25 IST">
  <testcase classname="com.smartschool.tests.AndroidMarksTests" name="tc01_defaultMarksNavigation" time="4.492"/>
  <testcase classname="com.smartschool.tests.AndroidMarksTests" name="tc02_dynamicExamTests" time="17.078"/>
</testsuite> <!-- Surefire test -->
