<?xml version="1.0" encoding="UTF-8"?>
<!-- Generated by org.testng.reporters.JUnitXMLReporter -->
<testsuite ignored="2" hostname="LAPTOP-E8THJ362" failures="0" tests="2" name="Surefire test" time="0.056" errors="0" timestamp="2026-04-12T22:37:38 IST">
  <testcase classname="com.smartschool.tests.AndroidAttendanceTests" name="@BeforeClass setUpPage" time="0.013">
    <failure type="java.lang.IllegalArgumentException" message="Input must be set">
      <![CDATA[java.lang.IllegalArgumentException: Input must be set
at org.openqa.selenium.internal.Require.nonNull(Require.java:60)
at org.openqa.selenium.support.ui.FluentWait.<init>(FluentWait.java:94)
at org.openqa.selenium.support.ui.WebDriverWait.<init>(WebDriverWait.java:74)
at org.openqa.selenium.support.ui.WebDriverWait.<init>(WebDriverWait.java:43)
at com.smartschool.pages.AttendancePage.<init>(AttendancePage.java:27)
at com.smartschool.tests.AndroidAttendanceTests.setUpPage(AndroidAttendanceTests.java:14)
at java.base/java.util.ArrayList.forEach(ArrayList.java:1511)
... Removed 30 stack frames]]>
    </failure>
  </testcase> <!-- @BeforeClass setUpPage -->
  <testcase classname="com.smartschool.tests.AndroidAttendanceTests" name="@AfterClass goBackToHome" time="0.0">
    <skipped/>
  </testcase> <!-- @AfterClass goBackToHome -->
  <testcase classname="com.smartschool.tests.AndroidNotificationTests" name="@BeforeClass setUpPage" time="0.0">
    <failure type="java.lang.IllegalArgumentException" message="Input must be set">
      <![CDATA[java.lang.IllegalArgumentException: Input must be set
at org.openqa.selenium.internal.Require.nonNull(Require.java:60)
at org.openqa.selenium.support.ui.FluentWait.<init>(FluentWait.java:94)
at org.openqa.selenium.support.ui.WebDriverWait.<init>(WebDriverWait.java:74)
at org.openqa.selenium.support.ui.WebDriverWait.<init>(WebDriverWait.java:43)
at com.smartschool.pages.NotificationPage.<init>(NotificationPage.java:31)
at com.smartschool.tests.AndroidNotificationTests.setUpPage(AndroidNotificationTests.java:14)
at java.base/java.util.ArrayList.forEach(ArrayList.java:1511)
... Removed 30 stack frames]]>
    </failure>
  </testcase> <!-- @BeforeClass setUpPage -->
  <testcase classname="com.smartschool.tests.AndroidNotificationTests" name="@AfterClass goBackToHome" time="0.0">
    <skipped/>
  </testcase> <!-- @AfterClass goBackToHome -->
  <testcase classname="com.smartschool.tests.AndroidAttendanceTests" name="tc01_attendanceNavigation" time="0.0">
    <skipped/>
  </testcase> <!-- tc01_attendanceNavigation -->
  <testcase classname="com.smartschool.tests.AndroidNotificationTests" name="tc01_notificationNavigation" time="0.0">
    <skipped/>
  </testcase> <!-- tc01_notificationNavigation -->
  <testcase classname="com.smartschool.base.AndroidBase" name="@AfterSuite tearDown" time="0.0">
    <ignored/>
  </testcase> <!-- @AfterSuite tearDown -->
  <testcase classname="com.smartschool.base.AndroidBase" name="@BeforeSuite setUp" time="0.0">
    <ignored/>
  </testcase> <!-- @BeforeSuite setUp -->
</testsuite> <!-- Surefire test -->
