<?xml version="1.0" encoding="UTF-8"?>
<!-- Generated by org.testng.reporters.JUnitXMLReporter -->
<testsuite ignored="12" hostname="LAPTOP-E8THJ362" failures="1" tests="9" name="Android Feature Tests" time="221.931" errors="0" timestamp="2026-04-13T19:14:57 IST">
  <testcase classname="com.smartschool.tests.AndroidAttendanceTests" name="tc01_attendanceNavigation" time="5.596"/>
  <testcase classname="com.smartschool.tests.AndroidClassTestTests" name="tc01_classTestNavigation" time="7.504"/>
  <testcase classname="com.smartschool.tests.AndroidFeePaymentTests" name="tc01_feePaymentNavigation" time="6.677"/>
  <testcase classname="com.smartschool.tests.AndroidFeePaymentTests" name="tc02_makePaymentButton" time="34.858"/>
  <testcase classname="com.smartschool.tests.AndroidHomeworkTests" name="tc01_homeworkNavigation" time="68.92"/>
  <testcase classname="com.smartschool.tests.AndroidHomeworkTests" name="tc02_homeworkDataDisplayed" time="18.542"/>
  <testcase classname="com.smartschool.tests.AndroidMarksTests" name="marksTests" time="46.149">
    <failure type="java.lang.AssertionError" message="TC03_3rd Mid Term FAILED | Expected: marks page displayed expected [true] but found [false]">
      <![CDATA[java.lang.AssertionError: TC03_3rd Mid Term FAILED | Expected: marks page displayed expected [true] but found [false]
at com.smartschool.tests.AndroidMarksTests.marksTests(AndroidMarksTests.java:55)
at java.base/java.util.ArrayList.forEach(ArrayList.java:1511)
... Removed 34 stack frames]]>
    </failure>
  </testcase> <!-- marksTests -->
  <testcase classname="com.smartschool.tests.AndroidNotificationTests" name="tc01_notificationNavigation" time="6.46"/>
  <testcase classname="com.smartschool.tests.AndroidTransportTests" name="tc01_transportNavigation" time="11.371"/>
  <testcase classname="com.smartschool.base.AndroidBase" name="@BeforeSuite setUp" time="0.0">
    <ignored/>
  </testcase> <!-- @BeforeSuite setUp -->
  <testcase classname="com.smartschool.base.AndroidBase" name="@AfterSuite tearDown" time="0.0">
    <ignored/>
  </testcase> <!-- @AfterSuite tearDown -->
  <testcase classname="com.smartschool.base.AndroidBase" name="@BeforeSuite setUp" time="0.0">
    <ignored/>
  </testcase> <!-- @BeforeSuite setUp -->
  <testcase classname="com.smartschool.base.AndroidBase" name="@BeforeSuite setUp" time="0.0">
    <ignored/>
  </testcase> <!-- @BeforeSuite setUp -->
  <testcase classname="com.smartschool.base.AndroidBase" name="@AfterSuite tearDown" time="0.0">
    <ignored/>
  </testcase> <!-- @AfterSuite tearDown -->
  <testcase classname="com.smartschool.base.AndroidBase" name="@AfterSuite tearDown" time="0.0">
    <ignored/>
  </testcase> <!-- @AfterSuite tearDown -->
  <testcase classname="com.smartschool.base.AndroidBase" name="@BeforeSuite setUp" time="0.0">
    <ignored/>
  </testcase> <!-- @BeforeSuite setUp -->
  <testcase classname="com.smartschool.base.AndroidBase" name="@BeforeSuite setUp" time="0.0">
    <ignored/>
  </testcase> <!-- @BeforeSuite setUp -->
  <testcase classname="com.smartschool.base.AndroidBase" name="@BeforeSuite setUp" time="0.0">
    <ignored/>
  </testcase> <!-- @BeforeSuite setUp -->
  <testcase classname="com.smartschool.base.AndroidBase" name="@AfterSuite tearDown" time="0.0">
    <ignored/>
  </testcase> <!-- @AfterSuite tearDown -->
  <testcase classname="com.smartschool.base.AndroidBase" name="@AfterSuite tearDown" time="0.0">
    <ignored/>
  </testcase> <!-- @AfterSuite tearDown -->
  <testcase classname="com.smartschool.base.AndroidBase" name="@AfterSuite tearDown" time="0.0">
    <ignored/>
  </testcase> <!-- @AfterSuite tearDown -->
</testsuite> <!-- Android Feature Tests -->
