<?xml version="1.0" encoding="UTF-8"?>
<!-- Generated by org.testng.reporters.JUnitXMLReporter -->
<testsuite ignored="0" hostname="LAPTOP-E8THJ362" failures="0" tests="6" name="Android Login Tests" time="158.19" errors="0" timestamp="2026-04-13T19:11:15 IST">
  <testcase classname="com.smartschool.tests.AndroidLoginTests" name="tc06_emptyLogin" time="2.083"/>
  <testcase classname="com.smartschool.tests.AndroidLoginTests" name="tc04_onlyStudentId" time="3.384"/>
  <testcase classname="com.smartschool.tests.AndroidLoginTests" name="tc05_onlyPassword" time="2.888"/>
  <testcase classname="com.smartschool.tests.AndroidLoginTests" name="tc02_invalidStudentId" time="5.644"/>
  <testcase classname="com.smartschool.tests.AndroidLoginTests" name="tc03_wrongPassword" time="5.102"/>
  <testcase classname="com.smartschool.tests.AndroidLoginTests" name="tc01_validLogin" time="8.611"/>
</testsuite> <!-- Android Login Tests -->
