<?xml version="1.0" encoding="UTF-8"?>
<testng-results ignored="0" total="2" passed="2" failed="0" skipped="0">
  <reporter-output>
  </reporter-output>
  <suite started-at="2026-04-13T23:34:58 IST" name="Surefire suite" finished-at="2026-04-13T23:35:25 IST" duration-ms="27468">
    <groups>
    </groups>
    <test started-at="2026-04-13T23:34:58 IST" name="Surefire test" finished-at="2026-04-13T23:35:25 IST" duration-ms="27468">
      <class name="com.smartschool.tests.AndroidMarksTests">
        <test-method is-config="true" signature="setUp()[pri:0, instance:com.smartschool.tests.AndroidMarksTests@2145b572]" started-at="2026-04-13T23:34:33 IST" name="setUp" finished-at="2026-04-13T23:34:58 IST" duration-ms="24644" status="PASS">
          <reporter-output>
          </reporter-output>
        </test-method> <!-- setUp -->
        <test-method is-config="true" signature="setUpPage()[pri:0, instance:com.smartschool.tests.AndroidMarksTests@2145b572]" started-at="2026-04-13T23:34:58 IST" name="setUpPage" finished-at="2026-04-13T23:35:02 IST" duration-ms="4743" status="PASS">
          <reporter-output>
          </reporter-output>
        </test-method> <!-- setUpPage -->
        <test-method signature="tc01_defaultMarksNavigation()[pri:1, instance:com.smartschool.tests.AndroidMarksTests@2145b572]" started-at="2026-04-13T23:35:02 IST" name="tc01_defaultMarksNavigation" description="TC01 - Default marks page navigation" finished-at="2026-04-13T23:35:07 IST" duration-ms="4492" status="PASS">
          <reporter-output>
          </reporter-output>
        </test-method> <!-- tc01_defaultMarksNavigation -->
        <test-method signature="tc02_dynamicExamTests()[pri:2, instance:com.smartschool.tests.AndroidMarksTests@2145b572]" started-at="2026-04-13T23:35:07 IST" name="tc02_dynamicExamTests" description="TC02+ - Dynamic exam tests from Excel" finished-at="2026-04-13T23:35:24 IST" duration-ms="17078" status="PASS">
          <reporter-output>
          </reporter-output>
        </test-method> <!-- tc02_dynamicExamTests -->
        <test-method is-config="true" signature="navigateBack()[pri:0, instance:com.smartschool.tests.AndroidMarksTests@2145b572]" started-at="2026-04-13T23:35:24 IST" name="navigateBack" finished-at="2026-04-13T23:35:25 IST" duration-ms="1131" status="PASS">
          <reporter-output>
          </reporter-output>
        </test-method> <!-- navigateBack -->
        <test-method is-config="true" signature="tearDown()[pri:0, instance:com.smartschool.tests.AndroidMarksTests@2145b572]" started-at="2026-04-13T23:35:25 IST" name="tearDown" finished-at="2026-04-13T23:35:27 IST" duration-ms="1975" status="PASS">
          <reporter-output>
          </reporter-output>
        </test-method> <!-- tearDown -->
      </class> <!-- com.smartschool.tests.AndroidMarksTests -->
    </test> <!-- Surefire test -->
  </suite> <!-- Surefire suite -->
</testng-results>
