<?xml version="1.0" encoding="UTF-8"?>
<!-- Generated by org.testng.reporters.JUnitReportReporter -->
<testsuite hostname="LAPTOP-E8THJ362" failures="0" tests="2" name="com.smartschool.tests.AndroidFeePaymentTests" time="41.535" errors="0" timestamp="2026-04-13T19:14:59 IST" skipped="0">
  <testcase classname="com.smartschool.tests.AndroidFeePaymentTests" name="tc01_feePaymentNavigation" time="6.677"/>
  <system-out/>
  <testcase classname="com.smartschool.tests.AndroidFeePaymentTests" name="tc02_makePaymentButton" time="34.858"/>
  <system-out/>
</testsuite> <!-- com.smartschool.tests.AndroidFeePaymentTests -->
