<?xml version="1.0" encoding="UTF-8"?>
<!-- Generated by org.testng.reporters.JUnitReportReporter -->
<testsuite hostname="LAPTOP-E8THJ362" failures="0" tests="6" name="com.smartschool.tests.AndroidLoginTests" time="141.412" errors="0" timestamp="2026-04-13T19:14:59 IST" skipped="0">
  <testcase classname="com.smartschool.tests.AndroidLoginTests" name="tc06_emptyLogin" time="20.249"/>
  <system-out/>
  <testcase classname="com.smartschool.tests.AndroidLoginTests" name="tc04_onlyStudentId" time="21.506"/>
  <system-out/>
  <testcase classname="com.smartschool.tests.AndroidLoginTests" name="tc05_onlyPassword" time="22.933"/>
  <system-out/>
  <testcase classname="com.smartschool.tests.AndroidLoginTests" name="tc02_invalidStudentId" time="24.623"/>
  <system-out/>
  <testcase classname="com.smartschool.tests.AndroidLoginTests" name="tc03_wrongPassword" time="24.083"/>
  <system-out/>
  <testcase classname="com.smartschool.tests.AndroidLoginTests" name="tc01_validLogin" time="28.018"/>
  <system-out/>
</testsuite> <!-- com.smartschool.tests.AndroidLoginTests -->
