<?xml version="1.0" encoding="UTF-8"?>
<!-- Generated by org.testng.reporters.JUnitReportReporter -->
<testsuite hostname="LAPTOP-E8THJ362" failures="0" tests="2" name="com.smartschool.tests.AndroidMarksTests" time="21.570" errors="0" timestamp="2026-04-13T23:35:27 IST" skipped="0">
  <testcase classname="com.smartschool.tests.AndroidMarksTests" name="tc01_defaultMarksNavigation" time="4.492"/>
  <system-out/>
  <testcase classname="com.smartschool.tests.AndroidMarksTests" name="tc02_dynamicExamTests" time="17.078"/>
  <system-out/>
</testsuite> <!-- com.smartschool.tests.AndroidMarksTests -->
